<?xml version="1.0" encoding="UTF-8"?>
<cache-config xmlns="http://xmlns.oracle.com/coherence/coherence-cache-config"
	xmlns:xsi="http://www.w3.org/2001/XMLSchema-instance"
	xsi:schemaLocation="http://xmlns.oracle.com/coherence/coherence-cache-config coherence-cache-config.xsd">
	<caching-scheme-mapping>
		<cache-mapping>
			<cache-name>TEST_CACHE</cache-name>
			<scheme-name>test-distributed-scheme</scheme-name>
		</cache-mapping>
	</caching-scheme-mapping>

	<caching-schemes>
		<distributed-scheme>
			<scheme-name>test-distributed-scheme</scheme-name>
			<service-name>test-service</service-name>
			<thread-count>10</thread-count>
			<backing-map-scheme>
				<local-scheme>
					<unit-calculator>BINARY</unit-calculator>
				</local-scheme>
			</backing-map-scheme>
			<autostart>true</autostart>
		</distributed-scheme>
	</caching-schemes>
</cache-config>